This file contains any messages produced by compilers while
running configure, to aid debugging if configure makes a mistake.

It was created by ImageMagick configure 6.7.3-9, which was
generated by GNU Autoconf 2.68.  Invocation command line was

  $ /home/deploy/ImageMagick-6.7.3-9/configure 

## --------- ##
## Platform. ##
## --------- ##

hostname = ip-10-127-10-183
uname -m = i686
uname -r = 2.6.18-xenU-ec2-v1.0
uname -s = Linux
uname -v = #2 SMP Tue Feb 19 10:51:53 EST 2008

/usr/bin/uname -p = Intel(R) Xeon(R) CPU E5410 @ 2.33GHz
/bin/uname -X     = unknown

/bin/arch              = unknown
/usr/bin/arch -k       = unknown
/usr/convex/getsysinfo = unknown
/usr/bin/hostinfo      = unknown
/bin/machine           = unknown
/usr/bin/oslevel       = unknown
/bin/universe          = unknown

PATH: /usr/local/bin
PATH: /usr/bin
PATH: /bin
PATH: /opt/bin
PATH: /usr/i686-pc-linux-gnu/gcc-bin/4.1.2
PATH: /usr/lib/subversion/bin
PATH: /usr/local/ey_resin/bin
PATH: /opt/node/bin


## ----------- ##
## Core tests. ##
## ----------- ##

configure:3488: checking build system type
configure:3502: result: i686-pc-linux-gnu
configure:3522: checking host system type
configure:3535: result: i686-pc-linux-gnu
configure:3555: checking target system type
configure:3568: result: i686-pc-linux-gnu
configure:3618: checking whether build environment is sane
configure:3668: result: yes
configure:3687: checking for a BSD-compatible install
configure:3755: result: /usr/bin/install -c
configure:3905: checking for a thread-safe mkdir -p
configure:3944: result: /bin/mkdir -p
configure:3957: checking for gawk
configure:3973: found /usr/bin/gawk
configure:3984: result: gawk
configure:3995: checking whether make sets $(MAKE)
configure:4017: result: yes
configure:4053: error: source directory already configured; run "make distclean" there first

## ---------------- ##
## Cache variables. ##
## ---------------- ##

ac_cv_build=i686-pc-linux-gnu
ac_cv_env_AUTOTRACE_CFLAGS_set=
ac_cv_env_AUTOTRACE_CFLAGS_value=
ac_cv_env_AUTOTRACE_LIBS_set=
ac_cv_env_AUTOTRACE_LIBS_value=
ac_cv_env_CAIRO_SVG_CFLAGS_set=
ac_cv_env_CAIRO_SVG_CFLAGS_value=
ac_cv_env_CAIRO_SVG_LIBS_set=
ac_cv_env_CAIRO_SVG_LIBS_value=
ac_cv_env_CCC_set=
ac_cv_env_CCC_value=
ac_cv_env_CC_set=
ac_cv_env_CC_value=
ac_cv_env_CFLAGS_set=
ac_cv_env_CFLAGS_value=
ac_cv_env_CPPFLAGS_set=
ac_cv_env_CPPFLAGS_value=
ac_cv_env_CPP_set=
ac_cv_env_CPP_value=
ac_cv_env_CXXCPP_set=
ac_cv_env_CXXCPP_value=
ac_cv_env_CXXFLAGS_set=
ac_cv_env_CXXFLAGS_value=
ac_cv_env_CXX_set=
ac_cv_env_CXX_value=
ac_cv_env_FONTCONFIG_CFLAGS_set=
ac_cv_env_FONTCONFIG_CFLAGS_value=
ac_cv_env_FONTCONFIG_LIBS_set=
ac_cv_env_FONTCONFIG_LIBS_value=
ac_cv_env_GVC_CFLAGS_set=
ac_cv_env_GVC_CFLAGS_value=
ac_cv_env_GVC_LIBS_set=
ac_cv_env_GVC_LIBS_value=
ac_cv_env_LDFLAGS_set=
ac_cv_env_LDFLAGS_value=
ac_cv_env_LIBS_set=
ac_cv_env_LIBS_value=
ac_cv_env_LQR_CFLAGS_set=
ac_cv_env_LQR_CFLAGS_value=
ac_cv_env_LQR_LIBS_set=
ac_cv_env_LQR_LIBS_value=
ac_cv_env_LZMA_CFLAGS_set=
ac_cv_env_LZMA_CFLAGS_value=
ac_cv_env_LZMA_LIBS_set=
ac_cv_env_LZMA_LIBS_value=
ac_cv_env_OPENEXR_CFLAGS_set=
ac_cv_env_OPENEXR_CFLAGS_value=
ac_cv_env_OPENEXR_LIBS_set=
ac_cv_env_OPENEXR_LIBS_value=
ac_cv_env_PANGO_CFLAGS_set=
ac_cv_env_PANGO_CFLAGS_value=
ac_cv_env_PANGO_LIBS_set=
ac_cv_env_PANGO_LIBS_value=
ac_cv_env_PKG_CONFIG_set=
ac_cv_env_PKG_CONFIG_value=
ac_cv_env_RSVG_CFLAGS_set=
ac_cv_env_RSVG_CFLAGS_value=
ac_cv_env_RSVG_LIBS_set=
ac_cv_env_RSVG_LIBS_value=
ac_cv_env_XMKMF_set=
ac_cv_env_XMKMF_value=
ac_cv_env_build_alias_set=
ac_cv_env_build_alias_value=
ac_cv_env_host_alias_set=
ac_cv_env_host_alias_value=
ac_cv_env_target_alias_set=
ac_cv_env_target_alias_value=
ac_cv_host=i686-pc-linux-gnu
ac_cv_path_install='/usr/bin/install -c'
ac_cv_path_mkdir=/bin/mkdir
ac_cv_prog_AWK=gawk
ac_cv_prog_make_make_set=yes
ac_cv_target=i686-pc-linux-gnu

## ----------------- ##
## Output variables. ##
## ----------------- ##

ACLOCAL=''
AMDEPBACKSLASH=''
AMDEP_FALSE=''
AMDEP_TRUE=''
AMTAR=''
AM_BACKSLASH='\'
AM_DEFAULT_VERBOSITY='1'
AR=''
ARGZ_H=''
AS=''
AUTOCONF=''
AUTOHEADER=''
AUTOMAKE=''
AUTOTRACE_CFLAGS=''
AUTOTRACE_DELEGATE_FALSE=''
AUTOTRACE_DELEGATE_TRUE=''
AUTOTRACE_LIBS=''
AWK='gawk'
AutotraceDecodeDelegate=''
BIN_DIR=''
BZIPDelegate=''
BZLIB_DELEGATE_FALSE=''
BZLIB_DELEGATE_TRUE=''
BZLIB_LIBS=''
BlenderDecodeDelegate=''
BrowseDelegate=''
CAIRO_DELEGATE_FALSE=''
CAIRO_DELEGATE_TRUE=''
CAIRO_SVG_CFLAGS=''
CAIRO_SVG_LIBS=''
CC=''
CCDEPMODE=''
CCMALLOCDelegate=''
CFLAGS=''
CGMDecodeDelegate=''
CL_CFLAGS=''
CL_LIBS=''
CODER_PATH=''
CONFIGURE_ARGS='/home/deploy/ImageMagick-6.7.3-9/configure '
CONFIGURE_PATH=''
CONFIG_STATUS_DEPENDENCIES=''
CONVENIENCE_LTDL_FALSE=''
CONVENIENCE_LTDL_TRUE=''
CPP=''
CPPFLAGS=''
CXX=''
CXXCPP=''
CXXDEPMODE=''
CXXFLAGS=''
CYGPATH_W=''
CYGWIN_BUILD_FALSE=''
CYGWIN_BUILD_TRUE=''
CatDelegate=''
ConvertDelegate=''
DATA_DIR=''
DEFS=''
DELEGATES=''
DEPDIR=''
DIRSEP=''
DISTCHECK_CONFIG_FLAGS=''
DJVU_DELEGATE_FALSE=''
DJVU_DELEGATE_TRUE=''
DJVU_LIBS=''
DLLDFLAGS=''
DLLTOOL=''
DNGDecodeDelegate=''
DOCUMENTATION_PATH=''
DOC_DIR=''
DPS_DELEGATE_FALSE=''
DPS_DELEGATE_TRUE=''
DPS_LIBS=''
DSYMUTIL=''
DUMPBIN=''
DVIDecodeDelegate=''
DisplayDelegate=''
ECHO_C=''
ECHO_N='-n'
ECHO_T=''
EGREP=''
EXECUTABLE_PATH=''
EXEC_PREFIX_DIR=''
EXEEXT=''
EchoDelegate=''
EditorDelegate=''
FFTW_DELEGATE_FALSE=''
FFTW_DELEGATE_TRUE=''
FFTW_LIBS=''
FGREP=''
FIGDecodeDelegate=''
FILTER_PATH=''
FONTCONFIG_CFLAGS=''
FONTCONFIG_DELEGATE_FALSE=''
FONTCONFIG_DELEGATE_TRUE=''
FONTCONFIG_LIBS=''
FPX_DELEGATE_FALSE=''
FPX_DELEGATE_TRUE=''
FPX_LIBS=''
FREETYPE_DELEGATE_FALSE=''
FREETYPE_DELEGATE_TRUE=''
FREETYPE_LIBS=''
GDI32_LIBS=''
GOMP_LIBS=''
GREP=''
GSAlphaDevice=''
GSCMYKDevice=''
GSColorDevice=''
GSEPSDevice=''
GSMonoDevice=''
GSPDFDevice=''
GSPSDevice=''
GSVersion=''
GS_DELEGATE_FALSE=''
GS_DELEGATE_TRUE=''
GS_LIBS=''
GVCDecodeDelegate=''
GVC_CFLAGS=''
GVC_DELEGATE_FALSE=''
GVC_DELEGATE_TRUE=''
GVC_LIBS=''
GnuplotDecodeDelegate=''
HPGLDecodeDelegate=''
HTMLDecodeDelegate=''
HasUMEM_FALSE=''
HasUMEM_TRUE=''
ILBMDecodeDelegate=''
ILBMEncodeDelegate=''
INCLTDL=''
INCLUDEARCH_DIR=''
INCLUDE_DIR=''
INCLUDE_PATH=''
INFO_DIR=''
INSTALL_DATA='${INSTALL} -m 644'
INSTALL_LTDL_FALSE=''
INSTALL_LTDL_TRUE=''
INSTALL_PROGRAM='${INSTALL}'
INSTALL_SCRIPT='${INSTALL}'
INSTALL_STRIP_PROGRAM='$(install_sh) -c -s'
INT16_T=''
INT32_F=''
INT32_T=''
INT64_F=''
INT64_T=''
INT8_T=''
JBIG_DELEGATE_FALSE=''
JBIG_DELEGATE_TRUE=''
JBIG_LIBS=''
JP2_DELEGATE_FALSE=''
JP2_DELEGATE_TRUE=''
JP2_LIBS=''
JPEG_DELEGATE_FALSE=''
JPEG_DELEGATE_TRUE=''
JPEG_LIBS=''
LCMS_DELEGATE_FALSE=''
LCMS_DELEGATE_TRUE=''
LCMS_LIBS=''
LD=''
LDFLAGS=''
LFS_CPPFLAGS=''
LIBADD_DL=''
LIBADD_DLD_LINK=''
LIBADD_DLOPEN=''
LIBADD_SHL_LOAD=''
LIBEXEC_DIR=''
LIBLTDL=''
LIBOBJS=''
LIBRARY_EXTRA_CPPFLAGS=''
LIBRARY_PATH=''
LIBS=''
LIBSTDCLDFLAGS=''
LIBTOOL=''
LIBTOOL_DEPS=''
LIB_DIR=''
LIB_DL=''
LIPO=''
LN_S=''
LOCALSTATE_DIR=''
LPDelegate=''
LPRDelegate=''
LQR_CFLAGS=''
LQR_DELEGATE_FALSE=''
LQR_DELEGATE_TRUE=''
LQR_LIBS=''
LTDLDEPS=''
LTDLINCL=''
LTDLOPEN=''
LTLIBOBJS=''
LT_CONFIG_H=''
LT_DLLOADERS=''
LT_DLPREOPEN=''
LZMA_CFLAGS=''
LZMA_DELEGATE_FALSE=''
LZMA_DELEGATE_TRUE=''
LZMA_LIBS=''
LZWDecodeDelegate=''
LZWEncodeDelegate=''
LaunchDelegate=''
MAGICKCORE_PATH=''
MAGICK_CFLAGS=''
MAGICK_CODER_MODULE_PATH=''
MAGICK_CONFIGURE_BUILD_PATH=''
MAGICK_CONFIGURE_SRC_PATH=''
MAGICK_CPPFLAGS=''
MAGICK_CXXFLAGS=''
MAGICK_DEP_LIBS=''
MAGICK_FEATURES=''
MAGICK_FILTER_MODULE_PATH=''
MAGICK_HDRI=''
MAGICK_LDFLAGS=''
MAGICK_LIBLTDL=''
MAGICK_LIBRARY_AGE='0'
MAGICK_LIBRARY_CURRENT='5'
MAGICK_LIBRARY_CURRENT_MIN='5'
MAGICK_LIBRARY_REVISION='0'
MAGICK_LIBRARY_VERSION_INFO='5:0:0'
MAGICK_LIBS=''
MAGICK_LIB_VERSION=''
MAGICK_LIB_VERSION_NUMBER=''
MAGICK_LIB_VERSION_TEXT=''
MAGICK_LTDLDEPS=''
MAGICK_PCFLAGS=''
MAGICK_SVN_REVISION='exported'
MAGICK_TARGET_CPU='i686'
MAGICK_TARGET_OS='linux-gnu'
MAGICK_TARGET_VENDOR='pc'
MAINT=''
MAINTAINER_MODE_FALSE=''
MAINTAINER_MODE_TRUE=''
MAKEINFO=''
MANDelegate=''
MANIFEST_TOOL=''
MAN_DIR=''
MATH_LIBS=''
MKDIR_P='/bin/mkdir -p'
MODULE_EXTRA_CPPFLAGS=''
MPEGDecodeDelegate=''
MPEGEncodeDelegate=''
MVDelegate=''
MogrifyDelegate=''
MrSIDDecodeDelegate=''
NM=''
NMEDIT=''
OBJDUMP=''
OBJEXT=''
OPENEXR_CFLAGS=''
OPENEXR_DELEGATE_FALSE=''
OPENEXR_DELEGATE_TRUE=''
OPENEXR_LIBS=''
OPENMP_CFLAGS=''
OPENMP_CXXFLAGS=''
OSX_GCOV_LDFLAG=''
OTOOL64=''
OTOOL=''
P7ZIP=''
P7ZIP_DELEGATE_FALSE=''
P7ZIP_DELEGATE_TRUE=''
PACKAGE=''
PACKAGE_BUGREPORT='http://www.imagemagick.org'
PACKAGE_CHANGE_DATE='20111127'
PACKAGE_LIB_VERSION='0x673'
PACKAGE_LIB_VERSION_NUMBER='6,7,3,9'
PACKAGE_NAME='ImageMagick'
PACKAGE_PERL_VERSION='6.73'
PACKAGE_RELEASE='9'
PACKAGE_RELEASE_DATE='2012-01-27'
PACKAGE_STRING='ImageMagick 6.7.3'
PACKAGE_TARNAME='ImageMagick'
PACKAGE_URL=''
PACKAGE_VERSION='6.7.3'
PACKAGE_VERSION_ADDENDUM='-9'
PANGOFT2_DELEGATE_FALSE=''
PANGOFT2_DELEGATE_TRUE=''
PANGO_CFLAGS=''
PANGO_DELEGATE_FALSE=''
PANGO_DELEGATE_TRUE=''
PANGO_LIBS=''
PATH_SEPARATOR=':'
PCLCMYKDevice=''
PCLColorDevice=''
PCLDelegate=''
PCLMonoDevice=''
PCLVersion=''
PERL=''
PERLMAINCC=''
PERL_MAKE_OPTIONS=''
PERL_SUPPORTS_DESTDIR=''
PERL_VERSION=''
PERSISTINCLUDE_DIR=''
PGPDecodeDelegate=''
PKG_CONFIG=''
PNG_DELEGATE_FALSE=''
PNG_DELEGATE_TRUE=''
PNG_LIBS=''
POVDelegate=''
POW_LIB=''
PREFIX_DIR=''
PSDelegate=''
PTHREAD_CC=''
PTHREAD_CFLAGS=''
PTHREAD_LIBS=''
PrintDelegate=''
QUANTUM_DEPTH=''
RANLIB=''
RLEEncodeDelegate=''
RMDelegate=''
RPM=''
RPM_DELEGATE_FALSE=''
RPM_DELEGATE_TRUE=''
RSVGDecodeDelegate=''
RSVG_CFLAGS=''
RSVG_DELEGATE_FALSE=''
RSVG_DELEGATE_TRUE=''
RSVG_LIBS=''
SBIN_DIR=''
SCANDecodeDelegate=''
SED=''
SET_MAKE=''
SHAREARCH_DIR=''
SHAREARCH_PATH=''
SHAREDSTATE_DIR=''
SHARE_PATH=''
SHELL='/bin/sh'
STRIP=''
SYSCONF_DIR=''
ShowImageDelegate=''
TAR=''
THREAD_LIBS=''
TIFF_DELEGATE_FALSE=''
TIFF_DELEGATE_TRUE=''
TIFF_LIBS=''
TXTDelegate=''
UINT16_T=''
UINT32_F=''
UINT32_T=''
UINT64_F=''
UINT64_T=''
UINT8_T=''
UINTMAX_F=''
UINTMAX_T=''
UINTPTR_F=''
UINTPTR_T=''
UMEM_LIBS=''
USING_CL_FALSE=''
USING_CL_TRUE=''
UniconvertorDelegate=''
VERSION=''
WEBP_DELEGATE_FALSE=''
WEBP_DELEGATE_TRUE=''
WEBP_LIBS=''
WIN32_NATIVE_BUILD_FALSE=''
WIN32_NATIVE_BUILD_TRUE=''
WINGDI32_DELEGATE_FALSE=''
WINGDI32_DELEGATE_TRUE=''
WITH_LTDL_FALSE=''
WITH_LTDL_TRUE=''
WITH_MAGICK_PLUS_PLUS_FALSE=''
WITH_MAGICK_PLUS_PLUS_TRUE=''
WITH_MODULES_FALSE=''
WITH_MODULES_TRUE=''
WITH_PERL_DYNAMIC_FALSE=''
WITH_PERL_DYNAMIC_TRUE=''
WITH_PERL_FALSE=''
WITH_PERL_STATIC_FALSE=''
WITH_PERL_STATIC_TRUE=''
WITH_PERL_TRUE=''
WITH_SHARED_LIBS_FALSE=''
WITH_SHARED_LIBS_TRUE=''
WMFDecodeDelegate=''
WMF_DELEGATE_FALSE=''
WMF_DELEGATE_TRUE=''
WMF_LIBS=''
WWWDecodeDelegate=''
WinPathScript=''
X11_DELEGATE_FALSE=''
X11_DELEGATE_TRUE=''
X11_LIBS=''
XEXT_LIBS=''
XMKMF=''
XML_DELEGATE_FALSE=''
XML_DELEGATE_TRUE=''
XML_LIBS=''
XPSCMYKDevice=''
XPSColorDevice=''
XPSDelegate=''
XPSMonoDevice=''
XPSVersion=''
X_CFLAGS=''
X_EXTRA_LIBS=''
X_LIBS=''
X_PRE_LIBS=''
ZIP=''
ZIP_DELEGATE_FALSE=''
ZIP_DELEGATE_TRUE=''
ZLIB_DELEGATE_FALSE=''
ZLIB_DELEGATE_TRUE=''
ZLIB_LIBS=''
ZipDelegate=''
ac_ct_AR=''
ac_ct_CC=''
ac_ct_CXX=''
ac_ct_DUMPBIN=''
am__EXEEXT_FALSE=''
am__EXEEXT_TRUE=''
am__fastdepCC_FALSE=''
am__fastdepCC_TRUE=''
am__fastdepCXX_FALSE=''
am__fastdepCXX_TRUE=''
am__include=''
am__isrc=' -I$(srcdir)'
am__leading_dot='.'
am__quote=''
am__tar=''
am__untar=''
ax_pthread_config=''
bindir='${exec_prefix}/bin'
build='i686-pc-linux-gnu'
build_alias=''
build_cpu='i686'
build_os='linux-gnu'
build_vendor='pc'
datadir='${datarootdir}'
datarootdir='${prefix}/share'
dejavu_font_dir=''
docdir='${datarootdir}/doc/${PACKAGE_TARNAME}'
dvidir='${docdir}'
exec_prefix='NONE'
freetype_config=''
ghostscript_font_dir=''
host='i686-pc-linux-gnu'
host_alias=''
host_cpu='i686'
host_os='linux-gnu'
host_vendor='pc'
htmldir='${docdir}'
includedir='${prefix}/include'
infodir='${datarootdir}/info'
install_sh='${SHELL} /home/deploy/ImageMagick-6.7.3-9/config/install-sh'
libdir='${exec_prefix}/lib'
libexecdir='${exec_prefix}/libexec'
localedir='${datarootdir}/locale'
localstatedir='${prefix}/var'
ltdl_LIBOBJS=''
ltdl_LTLIBOBJS=''
mandir='${datarootdir}/man'
mkdir_p='/bin/mkdir -p'
oldincludedir='/usr/include'
pdfdir='${docdir}'
prefix='NONE'
program_transform_name='s,x,x,'
psdir='${docdir}'
sbindir='${exec_prefix}/sbin'
sharedstatedir='${prefix}/com'
sys_symbol_underscore=''
sysconfdir='${prefix}/etc'
target='i686-pc-linux-gnu'
target_alias=''
target_cpu='i686'
target_os='linux-gnu'
target_vendor='pc'
type_include_files=''
windows_font_dir=''
xml2_config=''

## ----------- ##
## confdefs.h. ##
## ----------- ##

/* confdefs.h */
#define PACKAGE_NAME "ImageMagick"
#define PACKAGE_TARNAME "ImageMagick"
#define PACKAGE_VERSION "6.7.3-9"
#define PACKAGE_STRING "ImageMagick 6.7.3-9"
#define PACKAGE_BUGREPORT "http://www.imagemagick.org"
#define PACKAGE_URL ""

configure: exit 1
